<?xml version="1.0" encoding="UTF-8"?>
<testsuite name="hexlet.code.DifferTest" tests="2" skipped="0" failures="0" errors="0" timestamp="2022-06-01T15:31:36" hostname="yatorogod-laptop" time="0.717">
  <properties/>
  <testcase name="generateTest()" classname="hexlet.code.DifferTest" time="0.713"/>
  <testcase name="generateTest2()" classname="hexlet.code.DifferTest" time="0.003"/>
  <system-out><![CDATA[]]></system-out>
  <system-err><![CDATA[]]></system-err>
</testsuite>
